  Game.cpp
C:\Users\C00240102\Desktop\sfmlstarter\sfmlstarter\Game.cpp(72,11): warning C4244:  'initializing': conversion from 'T' to 'float', possible loss of data
C:\Users\C00240102\Desktop\sfmlstarter\sfmlstarter\Game.cpp(72,11): warning C4244:         with
C:\Users\C00240102\Desktop\sfmlstarter\sfmlstarter\Game.cpp(72,11): warning C4244:         [
C:\Users\C00240102\Desktop\sfmlstarter\sfmlstarter\Game.cpp(72,11): warning C4244:             T=double
C:\Users\C00240102\Desktop\sfmlstarter\sfmlstarter\Game.cpp(72,11): warning C4244:         ]
C:\Users\C00240102\Desktop\sfmlstarter\sfmlstarter\Game.cpp(90,35): warning C4244:  'argument': conversion from 'int' to 'float', possible loss of data
C:\Users\C00240102\Desktop\sfmlstarter\sfmlstarter\Game.cpp(142,58): warning C4244:  '=': conversion from 'T' to 'int', possible loss of data
C:\Users\C00240102\Desktop\sfmlstarter\sfmlstarter\Game.cpp(142,58): warning C4244:         with
C:\Users\C00240102\Desktop\sfmlstarter\sfmlstarter\Game.cpp(142,58): warning C4244:         [
C:\Users\C00240102\Desktop\sfmlstarter\sfmlstarter\Game.cpp(142,58): warning C4244:             T=float
C:\Users\C00240102\Desktop\sfmlstarter\sfmlstarter\Game.cpp(142,58): warning C4244:         ]
C:\Users\C00240102\Desktop\sfmlstarter\sfmlstarter\Game.cpp(144,23): warning C4244:  '=': conversion from 'int' to 'T', possible loss of data
C:\Users\C00240102\Desktop\sfmlstarter\sfmlstarter\Game.cpp(144,23): warning C4244:         with
C:\Users\C00240102\Desktop\sfmlstarter\sfmlstarter\Game.cpp(144,23): warning C4244:         [
C:\Users\C00240102\Desktop\sfmlstarter\sfmlstarter\Game.cpp(144,23): warning C4244:             T=float
C:\Users\C00240102\Desktop\sfmlstarter\sfmlstarter\Game.cpp(144,23): warning C4244:         ]
C:\Users\C00240102\Desktop\sfmlstarter\sfmlstarter\Game.cpp(155,23): warning C4244:  '=': conversion from 'double' to 'T', possible loss of data
C:\Users\C00240102\Desktop\sfmlstarter\sfmlstarter\Game.cpp(155,23): warning C4244:         with
C:\Users\C00240102\Desktop\sfmlstarter\sfmlstarter\Game.cpp(155,23): warning C4244:         [
C:\Users\C00240102\Desktop\sfmlstarter\sfmlstarter\Game.cpp(155,23): warning C4244:             T=float
C:\Users\C00240102\Desktop\sfmlstarter\sfmlstarter\Game.cpp(155,23): warning C4244:         ]
C:\Users\C00240102\Desktop\sfmlstarter\sfmlstarter\Game.cpp(166,38): warning C4244:  'argument': conversion from 'int' to 'float', possible loss of data
C:\Users\C00240102\Desktop\sfmlstarter\sfmlstarter\Game.cpp(201,61): warning C4244:  'argument': conversion from 'T' to 'T', possible loss of data
C:\Users\C00240102\Desktop\sfmlstarter\sfmlstarter\Game.cpp(201,61): warning C4244:         with
C:\Users\C00240102\Desktop\sfmlstarter\sfmlstarter\Game.cpp(201,61): warning C4244:         [
C:\Users\C00240102\Desktop\sfmlstarter\sfmlstarter\Game.cpp(201,61): warning C4244:             T=int
C:\Users\C00240102\Desktop\sfmlstarter\sfmlstarter\Game.cpp(201,61): warning C4244:         ]
C:\Users\C00240102\Desktop\sfmlstarter\sfmlstarter\Game.cpp(201,61): warning C4244:         and
C:\Users\C00240102\Desktop\sfmlstarter\sfmlstarter\Game.cpp(201,61): warning C4244:         [
C:\Users\C00240102\Desktop\sfmlstarter\sfmlstarter\Game.cpp(201,61): warning C4244:             T=float
C:\Users\C00240102\Desktop\sfmlstarter\sfmlstarter\Game.cpp(201,61): warning C4244:         ]
C:\Users\C00240102\Desktop\sfmlstarter\sfmlstarter\Game.cpp(201,44): warning C4244:  'argument': conversion from 'T' to 'T', possible loss of data
C:\Users\C00240102\Desktop\sfmlstarter\sfmlstarter\Game.cpp(201,44): warning C4244:         with
C:\Users\C00240102\Desktop\sfmlstarter\sfmlstarter\Game.cpp(201,44): warning C4244:         [
C:\Users\C00240102\Desktop\sfmlstarter\sfmlstarter\Game.cpp(201,44): warning C4244:             T=int
C:\Users\C00240102\Desktop\sfmlstarter\sfmlstarter\Game.cpp(201,44): warning C4244:         ]
C:\Users\C00240102\Desktop\sfmlstarter\sfmlstarter\Game.cpp(201,44): warning C4244:         and
C:\Users\C00240102\Desktop\sfmlstarter\sfmlstarter\Game.cpp(201,44): warning C4244:         [
C:\Users\C00240102\Desktop\sfmlstarter\sfmlstarter\Game.cpp(201,44): warning C4244:             T=float
C:\Users\C00240102\Desktop\sfmlstarter\sfmlstarter\Game.cpp(201,44): warning C4244:         ]
  sfmlstarter.vcxproj -> C:\Users\C00240102\Desktop\sfmlstarter\Debug\sfmlstarter.exe
